-------------------------------------------------------------------------------
Test set: TestSuite
-------------------------------------------------------------------------------
Tests run: 1, Failures: 1, Errors: 0, Skipped: 0, Time elapsed: 359.989 sec <<< FAILURE! - in TestSuite
runScenario(com.beachbody.automation.runners.DefaultRunner)  Time elapsed: 353.004 sec  <<< FAILURE!
java.sql.SQLSyntaxErrorException: 
ORA-00942: table or view does not exist


